2025-05-19 11:32:24,655 - INFO - Starting company information censor
2025-05-19 11:32:24,655 - DEBUG - Log file created at: C:\Users\Nof\Desktop\Anonimizer\logs\censor_20250519_113224.log
2025-05-19 11:32:24,655 - INFO - Loading configuration
2025-05-19 11:32:24,655 - DEBUG - Loading config from: C:\Users\Nof\Desktop\Anonimizer\config.json5
2025-05-19 11:32:24,661 - DEBUG - Config loaded: 1 keywords, type: ['regex', 'offline_model']
2025-05-19 11:32:24,661 - INFO - Configuration loaded: 1 keywords found
2025-05-19 11:32:24,662 - DEBUG - Parsing command line arguments
2025-05-19 11:32:24,667 - INFO - Input file: tests\complex.docx
2025-05-19 11:32:24,668 - INFO - Output file: output.docx
2025-05-19 11:32:27,634 - INFO - Processing DOCX file with format preservation: tests\complex.docx
2025-05-19 11:32:27,645 - INFO - Checking for model en_core_web_lg in C:\Users\Nof\Desktop\Anonimizer\models
2025-05-19 11:32:27,645 - INFO - Model found in custom location: C:\Users\Nof\Desktop\Anonimizer\models\en_core_web_lg
2025-05-19 11:32:29,019 - INFO - Beginning text censoring
2025-05-19 11:32:29,019 - DEBUG - Censoring company names
2025-05-19 11:32:29,019 - DEBUG - Censoring email addresses
2025-05-19 11:32:29,020 - DEBUG - Censoring domain names
2025-05-19 11:32:29,020 - DEBUG - Censoring API keys and secrets
2025-05-19 11:32:29,021 - DEBUG - Censoring credit card numbers
2025-05-19 11:32:29,022 - DEBUG - Censoring monetary values
2025-05-19 11:32:29,024 - DEBUG - Censoring phone numbers
2025-05-19 11:32:29,025 - DEBUG - Censoring ID numbers
2025-05-19 11:32:29,025 - DEBUG - Censoring IP addresses
2025-05-19 11:32:29,026 - DEBUG - Censoring physical addresses
2025-05-19 11:32:29,029 - DEBUG - Censoring dates
2025-05-19 11:32:29,030 - DEBUG - Censoring passwords and tokens
2025-05-19 11:32:29,032 - DEBUG - Censoring person names
2025-05-19 11:32:29,037 - INFO - Censoring complete: 2 replacements made
2025-05-19 11:32:29,037 - INFO -   - person_names: 2 replacements
2025-05-19 11:32:29,038 - DEBUG - Text length change: 81 -> 76 (-5 diff)
2025-05-19 11:32:29,038 - INFO - Beginning text censoring with Presidio
2025-05-19 11:32:29,038 - INFO - Checking for model en_core_web_lg in C:\Users\Nof\Desktop\Anonimizer\models
2025-05-19 11:32:29,038 - INFO - Model found in custom location: C:\Users\Nof\Desktop\Anonimizer\models\en_core_web_lg
2025-05-19 11:32:30,427 - INFO - Using model from: C:\Users\Nof\Desktop\Anonimizer\models\en_core_web_lg
2025-05-19 11:32:31,746 - DEBUG - Analyzing text for PII entities
2025-05-19 11:32:32,103 - DEBUG - Anonymizing identified entities
2025-05-19 11:32:32,103 - INFO - Censoring complete: 0 replacements made
2025-05-19 11:32:32,103 - DEBUG - Text length change: 76 -> 76 (0 diff)
2025-05-19 11:32:32,108 - INFO - Beginning text censoring
2025-05-19 11:32:32,108 - DEBUG - Censoring company names
2025-05-19 11:32:32,108 - DEBUG - Censoring email addresses
2025-05-19 11:32:32,108 - DEBUG - Censoring domain names
2025-05-19 11:32:32,108 - DEBUG - Censoring API keys and secrets
2025-05-19 11:32:32,108 - DEBUG - Censoring credit card numbers
2025-05-19 11:32:32,108 - DEBUG - Censoring monetary values
2025-05-19 11:32:32,108 - DEBUG - Censoring phone numbers
2025-05-19 11:32:32,108 - DEBUG - Censoring ID numbers
2025-05-19 11:32:32,108 - DEBUG - Censoring IP addresses
2025-05-19 11:32:32,108 - DEBUG - Censoring physical addresses
2025-05-19 11:32:32,108 - DEBUG - Censoring dates
2025-05-19 11:32:32,109 - DEBUG - Censoring passwords and tokens
2025-05-19 11:32:32,109 - DEBUG - Censoring person names
2025-05-19 11:32:32,109 - INFO - Censoring complete: 0 replacements made
2025-05-19 11:32:32,109 - DEBUG - Text length change: 37 -> 37 (0 diff)
2025-05-19 11:32:32,109 - INFO - Beginning text censoring with Presidio
2025-05-19 11:32:32,109 - INFO - Checking for model en_core_web_lg in C:\Users\Nof\Desktop\Anonimizer\models
2025-05-19 11:32:32,109 - INFO - Model found in custom location: C:\Users\Nof\Desktop\Anonimizer\models\en_core_web_lg
2025-05-19 11:32:33,476 - INFO - Using model from: C:\Users\Nof\Desktop\Anonimizer\models\en_core_web_lg
2025-05-19 11:32:34,795 - DEBUG - Analyzing text for PII entities
2025-05-19 11:32:34,800 - DEBUG - Anonymizing identified entities
2025-05-19 11:32:34,800 - INFO - Censoring complete: 1 replacements made
2025-05-19 11:32:34,800 - INFO -   - PERSON: 1 replacements
2025-05-19 11:32:34,800 - DEBUG - Text length change: 37 -> 44 (7 diff)
2025-05-19 11:32:34,803 - INFO - Beginning text censoring
2025-05-19 11:32:34,804 - DEBUG - Censoring company names
2025-05-19 11:32:34,804 - DEBUG - Censoring email addresses
2025-05-19 11:32:34,804 - DEBUG - Censoring domain names
2025-05-19 11:32:34,804 - DEBUG - Censoring API keys and secrets
2025-05-19 11:32:34,804 - DEBUG - Censoring credit card numbers
2025-05-19 11:32:34,804 - DEBUG - Censoring monetary values
2025-05-19 11:32:34,804 - DEBUG - Censoring phone numbers
2025-05-19 11:32:34,804 - DEBUG - Censoring ID numbers
2025-05-19 11:32:34,804 - DEBUG - Censoring IP addresses
2025-05-19 11:32:34,804 - DEBUG - Censoring physical addresses
2025-05-19 11:32:34,804 - DEBUG - Censoring dates
2025-05-19 11:32:34,804 - DEBUG - Censoring passwords and tokens
2025-05-19 11:32:34,804 - DEBUG - Censoring person names
2025-05-19 11:32:34,804 - INFO - Censoring complete: 0 replacements made
2025-05-19 11:32:34,804 - DEBUG - Text length change: 11 -> 11 (0 diff)
2025-05-19 11:32:34,804 - INFO - Beginning text censoring with Presidio
2025-05-19 11:32:34,804 - INFO - Checking for model en_core_web_lg in C:\Users\Nof\Desktop\Anonimizer\models
2025-05-19 11:32:34,805 - INFO - Model found in custom location: C:\Users\Nof\Desktop\Anonimizer\models\en_core_web_lg
2025-05-19 11:32:36,288 - INFO - Using model from: C:\Users\Nof\Desktop\Anonimizer\models\en_core_web_lg
2025-05-19 11:32:37,893 - DEBUG - Analyzing text for PII entities
2025-05-19 11:32:37,898 - DEBUG - Anonymizing identified entities
2025-05-19 11:32:37,898 - INFO - Censoring complete: 0 replacements made
2025-05-19 11:32:37,899 - DEBUG - Text length change: 11 -> 11 (0 diff)
2025-05-19 11:32:37,904 - INFO - Beginning text censoring
2025-05-19 11:32:37,904 - DEBUG - Censoring company names
2025-05-19 11:32:37,904 - DEBUG - Censoring email addresses
2025-05-19 11:32:37,905 - DEBUG - Censoring domain names
2025-05-19 11:32:37,905 - DEBUG - Censoring API keys and secrets
2025-05-19 11:32:37,905 - DEBUG - Censoring credit card numbers
2025-05-19 11:32:37,905 - DEBUG - Censoring monetary values
2025-05-19 11:32:37,905 - DEBUG - Censoring phone numbers
2025-05-19 11:32:37,905 - DEBUG - Censoring ID numbers
2025-05-19 11:32:37,905 - DEBUG - Censoring IP addresses
2025-05-19 11:32:37,905 - DEBUG - Censoring physical addresses
2025-05-19 11:32:37,905 - DEBUG - Censoring dates
2025-05-19 11:32:37,905 - DEBUG - Censoring passwords and tokens
2025-05-19 11:32:37,905 - DEBUG - Censoring person names
2025-05-19 11:32:37,905 - INFO - Censoring complete: 1 replacements made
2025-05-19 11:32:37,905 - INFO -   - addresses: 1 replacements
2025-05-19 11:32:37,905 - DEBUG - Text length change: 44 -> 27 (-17 diff)
2025-05-19 11:32:37,905 - INFO - Beginning text censoring with Presidio
2025-05-19 11:32:37,905 - INFO - Checking for model en_core_web_lg in C:\Users\Nof\Desktop\Anonimizer\models
2025-05-19 11:32:37,906 - INFO - Model found in custom location: C:\Users\Nof\Desktop\Anonimizer\models\en_core_web_lg
