2025-05-19 15:18:40,384 - INFO - Starting company information censor
2025-05-19 15:18:40,384 - DEBUG - Log file created at: C:\Users\Nof\Desktop\Anonimizer\logs\censor_20250519_151840.log
2025-05-19 15:18:40,384 - INFO - Loading configuration
2025-05-19 15:18:40,384 - DEBUG - Loading config from: C:\Users\Nof\Desktop\Anonimizer\config.json5
2025-05-19 15:18:40,399 - DEBUG - Config loaded: 1 keywords, type: ['regex', 'offline_model']
2025-05-19 15:18:40,399 - INFO - Configuration loaded: 1 keywords found
2025-05-19 15:18:40,399 - DEBUG - Parsing command line arguments
2025-05-19 15:18:40,401 - INFO - Input file: tests\10root_PT_Report.md
2025-05-19 15:18:40,401 - INFO - Output file: output.md
2025-05-19 15:18:41,684 - INFO - Loading file: tests\10root_PT_Report.md
2025-05-19 15:18:41,684 - DEBUG - File extension: .md, MIME type: None
2025-05-19 15:18:41,684 - INFO - Loaded text file: 189 lines
2025-05-19 15:18:41,684 - INFO - Applying censoring method: regex
2025-05-19 15:18:41,684 - INFO - Beginning text censoring
2025-05-19 15:18:41,684 - DEBUG - Censoring company names
2025-05-19 15:18:41,684 - DEBUG - Censoring email addresses
2025-05-19 15:18:41,684 - DEBUG - Censoring domain names
2025-05-19 15:18:41,684 - DEBUG - Censoring API keys and secrets
2025-05-19 15:18:41,684 - DEBUG - Censoring credit card numbers
2025-05-19 15:18:41,698 - DEBUG - Censoring monetary values
2025-05-19 15:18:41,698 - DEBUG - Censoring phone numbers
2025-05-19 15:18:41,698 - DEBUG - Censoring ID numbers
2025-05-19 15:18:41,706 - DEBUG - Censoring IP addresses
2025-05-19 15:18:41,706 - DEBUG - Censoring physical addresses
2025-05-19 15:18:41,706 - DEBUG - Censoring dates
2025-05-19 15:18:41,714 - DEBUG - Censoring passwords and tokens
2025-05-19 15:18:41,716 - INFO - Censoring complete: 110 replacements made
2025-05-19 15:18:41,716 - INFO -   - company_names: 45 replacements
2025-05-19 15:18:41,716 - INFO -   - emails: 8 replacements
2025-05-19 15:18:41,716 - INFO -   - domains: 19 replacements
2025-05-19 15:18:41,716 - INFO -   - api_keys: 2 replacements
2025-05-19 15:18:41,716 - INFO -   - credit_cards: 4 replacements
2025-05-19 15:18:41,716 - INFO -   - phones: 21 replacements
2025-05-19 15:18:41,716 - INFO -   - ips: 3 replacements
2025-05-19 15:18:41,716 - INFO -   - addresses: 2 replacements
2025-05-19 15:18:41,716 - INFO -   - dates: 4 replacements
2025-05-19 15:18:41,716 - INFO -   - money: 2 replacements
2025-05-19 15:18:41,716 - DEBUG - Text length change: 7702 -> 7917 (215 diff)
2025-05-19 15:18:41,716 - INFO - Applying censoring method: offline_model
2025-05-19 15:18:41,716 - INFO - Beginning text censoring with Presidio
2025-05-19 15:18:41,716 - INFO - Checking for model en_core_web_lg in C:\Users\Nof\Desktop\Anonimizer\models
2025-05-19 15:18:41,716 - INFO - Model found in custom location: C:\Users\Nof\Desktop\Anonimizer\models\en_core_web_lg
2025-05-19 15:18:43,131 - INFO - Using model from: C:\Users\Nof\Desktop\Anonimizer\models\en_core_web_lg
2025-05-19 15:18:44,454 - DEBUG - Analyzing text for PII entities
2025-05-19 15:18:44,976 - DEBUG - Anonymizing identified entities
2025-05-19 15:18:44,992 - INFO - Censoring complete: 34 replacements made
2025-05-19 15:18:44,992 - INFO -   - PERSON: 17 replacements
2025-05-19 15:18:44,992 - INFO -   - DATE_TIME: 3 replacements
2025-05-19 15:18:44,992 - INFO -   - LOCATION: 4 replacements
2025-05-19 15:18:44,992 - INFO -   - NRP: 3 replacements
2025-05-19 15:18:44,992 - INFO -   - US_DRIVER_LICENSE: 5 replacements
2025-05-19 15:18:44,992 - INFO -   - URL: 2 replacements
2025-05-19 15:18:44,992 - DEBUG - Text length change: 7917 -> 7907 (-10 diff)
2025-05-19 15:18:44,996 - INFO - Saving censored content
2025-05-19 15:18:44,996 - INFO - Saving file to: output.md
2025-05-19 15:18:44,996 - INFO - Saved text file: output.md
2025-05-19 15:18:44,996 - INFO - File processed successfully
2025-05-19 15:18:44,996 - INFO - Processing completed successfully
