2025-05-19 14:24:31,682 - INFO - Starting company information censor
2025-05-19 14:24:31,682 - DEBUG - Log file created at: C:\Users\Nof\Desktop\Anonimizer\logs\censor_20250519_142431.log
2025-05-19 14:24:31,682 - INFO - Loading configuration
2025-05-19 14:24:31,682 - DEBUG - Loading config from: C:\Users\Nof\Desktop\Anonimizer\config.json5
2025-05-19 14:24:31,687 - DEBUG - Config loaded: 1 keywords, type: ['regex', 'offline_model']
2025-05-19 14:24:31,687 - INFO - Configuration loaded: 1 keywords found
2025-05-19 14:24:31,688 - DEBUG - Parsing command line arguments
2025-05-19 14:24:31,700 - INFO - Input file: tests\complex.docx
2025-05-19 14:24:31,700 - INFO - Output file: output.docx
2025-05-19 14:24:33,011 - INFO - Processing DOCX file with format preservation: tests\complex.docx
2025-05-19 14:24:33,022 - INFO - Checking for model en_core_web_lg in C:\Users\Nof\Desktop\Anonimizer\models
2025-05-19 14:24:33,023 - INFO - Model found in custom location: C:\Users\Nof\Desktop\Anonimizer\models\en_core_web_lg
2025-05-19 14:24:34,421 - INFO - Creating NLP engine with model: C:\Users\Nof\Desktop\Anonimizer\models\en_core_web_lg
2025-05-19 14:24:35,840 - INFO - Beginning text censoring
2025-05-19 14:24:35,840 - DEBUG - Censoring company names
2025-05-19 14:24:35,840 - DEBUG - Censoring email addresses
2025-05-19 14:24:35,840 - DEBUG - Censoring domain names
2025-05-19 14:24:35,841 - DEBUG - Censoring API keys and secrets
2025-05-19 14:24:35,842 - DEBUG - Censoring credit card numbers
2025-05-19 14:24:35,843 - DEBUG - Censoring monetary values
2025-05-19 14:24:35,844 - DEBUG - Censoring phone numbers
2025-05-19 14:24:35,845 - DEBUG - Censoring ID numbers
2025-05-19 14:24:35,846 - DEBUG - Censoring IP addresses
2025-05-19 14:24:35,846 - DEBUG - Censoring physical addresses
2025-05-19 14:24:35,848 - DEBUG - Censoring dates
2025-05-19 14:24:35,850 - DEBUG - Censoring passwords and tokens
2025-05-19 14:24:35,851 - INFO - Censoring complete: 0 replacements made
2025-05-19 14:24:35,851 - DEBUG - Text length change: 81 -> 81 (0 diff)
2025-05-19 14:24:36,118 - INFO - Beginning text censoring
2025-05-19 14:24:36,120 - DEBUG - Censoring company names
2025-05-19 14:24:36,120 - DEBUG - Censoring email addresses
2025-05-19 14:24:36,120 - DEBUG - Censoring domain names
2025-05-19 14:24:36,120 - DEBUG - Censoring API keys and secrets
2025-05-19 14:24:36,120 - DEBUG - Censoring credit card numbers
2025-05-19 14:24:36,120 - DEBUG - Censoring monetary values
2025-05-19 14:24:36,120 - DEBUG - Censoring phone numbers
2025-05-19 14:24:36,120 - DEBUG - Censoring ID numbers
2025-05-19 14:24:36,120 - DEBUG - Censoring IP addresses
2025-05-19 14:24:36,120 - DEBUG - Censoring physical addresses
2025-05-19 14:24:36,120 - DEBUG - Censoring dates
2025-05-19 14:24:36,120 - DEBUG - Censoring passwords and tokens
2025-05-19 14:24:36,120 - INFO - Censoring complete: 0 replacements made
2025-05-19 14:24:36,120 - DEBUG - Text length change: 37 -> 37 (0 diff)
2025-05-19 14:24:36,127 - INFO - Beginning text censoring
2025-05-19 14:24:36,128 - DEBUG - Censoring company names
2025-05-19 14:24:36,128 - DEBUG - Censoring email addresses
2025-05-19 14:24:36,128 - DEBUG - Censoring domain names
2025-05-19 14:24:36,128 - DEBUG - Censoring API keys and secrets
2025-05-19 14:24:36,128 - DEBUG - Censoring credit card numbers
2025-05-19 14:24:36,128 - DEBUG - Censoring monetary values
2025-05-19 14:24:36,128 - DEBUG - Censoring phone numbers
2025-05-19 14:24:36,128 - DEBUG - Censoring ID numbers
2025-05-19 14:24:36,128 - DEBUG - Censoring IP addresses
2025-05-19 14:24:36,128 - DEBUG - Censoring physical addresses
2025-05-19 14:24:36,128 - DEBUG - Censoring dates
2025-05-19 14:24:36,128 - DEBUG - Censoring passwords and tokens
2025-05-19 14:24:36,128 - INFO - Censoring complete: 0 replacements made
2025-05-19 14:24:36,128 - DEBUG - Text length change: 11 -> 11 (0 diff)
2025-05-19 14:24:36,134 - INFO - Beginning text censoring
2025-05-19 14:24:36,134 - DEBUG - Censoring company names
2025-05-19 14:24:36,134 - DEBUG - Censoring email addresses
2025-05-19 14:24:36,134 - DEBUG - Censoring domain names
2025-05-19 14:24:36,134 - DEBUG - Censoring API keys and secrets
2025-05-19 14:24:36,134 - DEBUG - Censoring credit card numbers
2025-05-19 14:24:36,134 - DEBUG - Censoring monetary values
2025-05-19 14:24:36,134 - DEBUG - Censoring phone numbers
2025-05-19 14:24:36,134 - DEBUG - Censoring ID numbers
2025-05-19 14:24:36,134 - DEBUG - Censoring IP addresses
2025-05-19 14:24:36,134 - DEBUG - Censoring physical addresses
2025-05-19 14:24:36,134 - DEBUG - Censoring dates
2025-05-19 14:24:36,134 - DEBUG - Censoring passwords and tokens
2025-05-19 14:24:36,134 - INFO - Censoring complete: 1 replacements made
2025-05-19 14:24:36,135 - INFO -   - addresses: 1 replacements
2025-05-19 14:24:36,135 - DEBUG - Text length change: 44 -> 27 (-17 diff)
2025-05-19 14:24:36,141 - INFO - Beginning text censoring
2025-05-19 14:24:36,141 - DEBUG - Censoring company names
2025-05-19 14:24:36,141 - DEBUG - Censoring email addresses
2025-05-19 14:24:36,141 - DEBUG - Censoring domain names
2025-05-19 14:24:36,141 - DEBUG - Censoring API keys and secrets
2025-05-19 14:24:36,141 - DEBUG - Censoring credit card numbers
2025-05-19 14:24:36,141 - DEBUG - Censoring monetary values
2025-05-19 14:24:36,141 - DEBUG - Censoring phone numbers
2025-05-19 14:24:36,142 - DEBUG - Censoring ID numbers
2025-05-19 14:24:36,142 - DEBUG - Censoring IP addresses
2025-05-19 14:24:36,142 - DEBUG - Censoring physical addresses
2025-05-19 14:24:36,142 - DEBUG - Censoring dates
2025-05-19 14:24:36,142 - DEBUG - Censoring passwords and tokens
2025-05-19 14:24:36,142 - INFO - Censoring complete: 4 replacements made
2025-05-19 14:24:36,142 - INFO -   - emails: 2 replacements
2025-05-19 14:24:36,142 - INFO -   - domains: 2 replacements
2025-05-19 14:24:36,142 - DEBUG - Text length change: 40 -> 43 (3 diff)
2025-05-19 14:24:36,148 - INFO - Beginning text censoring
2025-05-19 14:24:36,148 - DEBUG - Censoring company names
2025-05-19 14:24:36,148 - DEBUG - Censoring email addresses
2025-05-19 14:24:36,149 - DEBUG - Censoring domain names
2025-05-19 14:24:36,149 - DEBUG - Censoring API keys and secrets
2025-05-19 14:24:36,149 - DEBUG - Censoring credit card numbers
2025-05-19 14:24:36,149 - DEBUG - Censoring monetary values
2025-05-19 14:24:36,149 - DEBUG - Censoring phone numbers
2025-05-19 14:24:36,149 - DEBUG - Censoring ID numbers
2025-05-19 14:24:36,149 - DEBUG - Censoring IP addresses
2025-05-19 14:24:36,149 - DEBUG - Censoring physical addresses
2025-05-19 14:24:36,149 - DEBUG - Censoring dates
2025-05-19 14:24:36,149 - DEBUG - Censoring passwords and tokens
2025-05-19 14:24:36,149 - INFO - Censoring complete: 0 replacements made
2025-05-19 14:24:36,149 - DEBUG - Text length change: 8 -> 8 (0 diff)
2025-05-19 14:24:36,154 - INFO - Beginning text censoring
2025-05-19 14:24:36,154 - DEBUG - Censoring company names
2025-05-19 14:24:36,154 - DEBUG - Censoring email addresses
2025-05-19 14:24:36,154 - DEBUG - Censoring domain names
2025-05-19 14:24:36,154 - DEBUG - Censoring API keys and secrets
2025-05-19 14:24:36,155 - DEBUG - Censoring credit card numbers
2025-05-19 14:24:36,155 - DEBUG - Censoring monetary values
2025-05-19 14:24:36,155 - DEBUG - Censoring phone numbers
2025-05-19 14:24:36,155 - DEBUG - Censoring ID numbers
2025-05-19 14:24:36,155 - DEBUG - Censoring IP addresses
2025-05-19 14:24:36,156 - DEBUG - Censoring physical addresses
2025-05-19 14:24:36,156 - DEBUG - Censoring dates
2025-05-19 14:24:36,156 - DEBUG - Censoring passwords and tokens
2025-05-19 14:24:36,156 - INFO - Censoring complete: 0 replacements made
2025-05-19 14:24:36,156 - DEBUG - Text length change: 268 -> 268 (0 diff)
2025-05-19 14:24:36,172 - INFO - Beginning text censoring
2025-05-19 14:24:36,172 - DEBUG - Censoring company names
2025-05-19 14:24:36,172 - DEBUG - Censoring email addresses
2025-05-19 14:24:36,172 - DEBUG - Censoring domain names
2025-05-19 14:24:36,172 - DEBUG - Censoring API keys and secrets
2025-05-19 14:24:36,172 - DEBUG - Censoring credit card numbers
2025-05-19 14:24:36,172 - DEBUG - Censoring monetary values
2025-05-19 14:24:36,172 - DEBUG - Censoring phone numbers
2025-05-19 14:24:36,172 - DEBUG - Censoring ID numbers
2025-05-19 14:24:36,172 - DEBUG - Censoring IP addresses
2025-05-19 14:24:36,172 - DEBUG - Censoring physical addresses
2025-05-19 14:24:36,172 - DEBUG - Censoring dates
2025-05-19 14:24:36,173 - DEBUG - Censoring passwords and tokens
2025-05-19 14:24:36,173 - INFO - Censoring complete: 0 replacements made
2025-05-19 14:24:36,173 - DEBUG - Text length change: 12 -> 12 (0 diff)
2025-05-19 14:24:36,178 - INFO - Beginning text censoring
2025-05-19 14:24:36,178 - DEBUG - Censoring company names
2025-05-19 14:24:36,178 - DEBUG - Censoring email addresses
2025-05-19 14:24:36,178 - DEBUG - Censoring domain names
2025-05-19 14:24:36,178 - DEBUG - Censoring API keys and secrets
2025-05-19 14:24:36,178 - DEBUG - Censoring credit card numbers
2025-05-19 14:24:36,178 - DEBUG - Censoring monetary values
2025-05-19 14:24:36,180 - DEBUG - Censoring phone numbers
2025-05-19 14:24:36,180 - DEBUG - Censoring ID numbers
2025-05-19 14:24:36,180 - DEBUG - Censoring IP addresses
2025-05-19 14:24:36,180 - DEBUG - Censoring physical addresses
2025-05-19 14:24:36,180 - DEBUG - Censoring dates
2025-05-19 14:24:36,180 - DEBUG - Censoring passwords and tokens
2025-05-19 14:24:36,180 - INFO - Censoring complete: 0 replacements made
2025-05-19 14:24:36,180 - DEBUG - Text length change: 443 -> 443 (0 diff)
2025-05-19 14:24:36,208 - INFO - Beginning text censoring
2025-05-19 14:24:36,208 - DEBUG - Censoring company names
2025-05-19 14:24:36,208 - DEBUG - Censoring email addresses
2025-05-19 14:24:36,208 - DEBUG - Censoring domain names
2025-05-19 14:24:36,208 - DEBUG - Censoring API keys and secrets
2025-05-19 14:24:36,208 - DEBUG - Censoring credit card numbers
2025-05-19 14:24:36,208 - DEBUG - Censoring monetary values
2025-05-19 14:24:36,208 - DEBUG - Censoring phone numbers
2025-05-19 14:24:36,208 - DEBUG - Censoring ID numbers
2025-05-19 14:24:36,208 - DEBUG - Censoring IP addresses
2025-05-19 14:24:36,208 - DEBUG - Censoring physical addresses
2025-05-19 14:24:36,208 - DEBUG - Censoring dates
2025-05-19 14:24:36,208 - DEBUG - Censoring passwords and tokens
2025-05-19 14:24:36,208 - INFO - Censoring complete: 0 replacements made
2025-05-19 14:24:36,208 - DEBUG - Text length change: 68 -> 68 (0 diff)
2025-05-19 14:24:36,218 - INFO - Beginning text censoring
2025-05-19 14:24:36,220 - DEBUG - Censoring company names
2025-05-19 14:24:36,220 - DEBUG - Censoring email addresses
2025-05-19 14:24:36,220 - DEBUG - Censoring domain names
2025-05-19 14:24:36,220 - DEBUG - Censoring API keys and secrets
2025-05-19 14:24:36,220 - DEBUG - Censoring credit card numbers
2025-05-19 14:24:36,220 - DEBUG - Censoring monetary values
2025-05-19 14:24:36,220 - DEBUG - Censoring phone numbers
2025-05-19 14:24:36,220 - DEBUG - Censoring ID numbers
2025-05-19 14:24:36,220 - DEBUG - Censoring IP addresses
2025-05-19 14:24:36,220 - DEBUG - Censoring physical addresses
2025-05-19 14:24:36,220 - DEBUG - Censoring dates
2025-05-19 14:24:36,220 - DEBUG - Censoring passwords and tokens
2025-05-19 14:24:36,220 - INFO - Censoring complete: 0 replacements made
2025-05-19 14:24:36,221 - DEBUG - Text length change: 6 -> 6 (0 diff)
2025-05-19 14:24:36,227 - INFO - Beginning text censoring
2025-05-19 14:24:36,227 - DEBUG - Censoring company names
2025-05-19 14:24:36,227 - DEBUG - Censoring email addresses
2025-05-19 14:24:36,227 - DEBUG - Censoring domain names
2025-05-19 14:24:36,228 - DEBUG - Censoring API keys and secrets
2025-05-19 14:24:36,228 - DEBUG - Censoring credit card numbers
2025-05-19 14:24:36,228 - DEBUG - Censoring monetary values
2025-05-19 14:24:36,228 - DEBUG - Censoring phone numbers
2025-05-19 14:24:36,228 - DEBUG - Censoring ID numbers
2025-05-19 14:24:36,228 - DEBUG - Censoring IP addresses
2025-05-19 14:24:36,228 - DEBUG - Censoring physical addresses
2025-05-19 14:24:36,228 - DEBUG - Censoring dates
2025-05-19 14:24:36,228 - DEBUG - Censoring passwords and tokens
2025-05-19 14:24:36,228 - INFO - Censoring complete: 0 replacements made
2025-05-19 14:24:36,228 - DEBUG - Text length change: 64 -> 64 (0 diff)
2025-05-19 14:24:36,236 - INFO - Beginning text censoring
2025-05-19 14:24:36,236 - DEBUG - Censoring company names
2025-05-19 14:24:36,236 - DEBUG - Censoring email addresses
2025-05-19 14:24:36,236 - DEBUG - Censoring domain names
2025-05-19 14:24:36,236 - DEBUG - Censoring API keys and secrets
2025-05-19 14:24:36,236 - DEBUG - Censoring credit card numbers
2025-05-19 14:24:36,236 - DEBUG - Censoring monetary values
2025-05-19 14:24:36,236 - DEBUG - Censoring phone numbers
2025-05-19 14:24:36,236 - DEBUG - Censoring ID numbers
2025-05-19 14:24:36,236 - DEBUG - Censoring IP addresses
2025-05-19 14:24:36,236 - DEBUG - Censoring physical addresses
2025-05-19 14:24:36,237 - DEBUG - Censoring dates
2025-05-19 14:24:36,237 - DEBUG - Censoring passwords and tokens
2025-05-19 14:24:36,237 - INFO - Censoring complete: 1 replacements made
2025-05-19 14:24:36,237 - INFO -   - dates: 1 replacements
2025-05-19 14:24:36,237 - DEBUG - Text length change: 331 -> 324 (-7 diff)
2025-05-19 14:24:36,253 - INFO - Beginning text censoring
2025-05-19 14:24:36,253 - DEBUG - Censoring company names
2025-05-19 14:24:36,253 - DEBUG - Censoring email addresses
2025-05-19 14:24:36,253 - DEBUG - Censoring domain names
2025-05-19 14:24:36,253 - DEBUG - Censoring API keys and secrets
2025-05-19 14:24:36,253 - DEBUG - Censoring credit card numbers
2025-05-19 14:24:36,253 - DEBUG - Censoring monetary values
2025-05-19 14:24:36,253 - DEBUG - Censoring phone numbers
2025-05-19 14:24:36,253 - DEBUG - Censoring ID numbers
2025-05-19 14:24:36,253 - DEBUG - Censoring IP addresses
2025-05-19 14:24:36,253 - DEBUG - Censoring physical addresses
2025-05-19 14:24:36,253 - DEBUG - Censoring dates
2025-05-19 14:24:36,253 - DEBUG - Censoring passwords and tokens
2025-05-19 14:24:36,253 - INFO - Censoring complete: 1 replacements made
2025-05-19 14:24:36,255 - INFO -   - addresses: 1 replacements
2025-05-19 14:24:36,255 - DEBUG - Text length change: 167 -> 158 (-9 diff)
2025-05-19 14:24:36,264 - INFO - Beginning text censoring
2025-05-19 14:24:36,265 - DEBUG - Censoring company names
2025-05-19 14:24:36,265 - DEBUG - Censoring email addresses
2025-05-19 14:24:36,265 - DEBUG - Censoring domain names
2025-05-19 14:24:36,265 - DEBUG - Censoring API keys and secrets
2025-05-19 14:24:36,265 - DEBUG - Censoring credit card numbers
2025-05-19 14:24:36,265 - DEBUG - Censoring monetary values
2025-05-19 14:24:36,265 - DEBUG - Censoring phone numbers
2025-05-19 14:24:36,265 - DEBUG - Censoring ID numbers
2025-05-19 14:24:36,265 - DEBUG - Censoring IP addresses
2025-05-19 14:24:36,265 - DEBUG - Censoring physical addresses
2025-05-19 14:24:36,265 - DEBUG - Censoring dates
2025-05-19 14:24:36,265 - DEBUG - Censoring passwords and tokens
2025-05-19 14:24:36,265 - INFO - Censoring complete: 0 replacements made
2025-05-19 14:24:36,265 - DEBUG - Text length change: 16 -> 16 (0 diff)
2025-05-19 14:24:36,271 - INFO - Beginning text censoring
2025-05-19 14:24:36,271 - DEBUG - Censoring company names
2025-05-19 14:24:36,271 - DEBUG - Censoring email addresses
2025-05-19 14:24:36,271 - DEBUG - Censoring domain names
2025-05-19 14:24:36,271 - DEBUG - Censoring API keys and secrets
2025-05-19 14:24:36,271 - DEBUG - Censoring credit card numbers
2025-05-19 14:24:36,271 - DEBUG - Censoring monetary values
2025-05-19 14:24:36,271 - DEBUG - Censoring phone numbers
2025-05-19 14:24:36,271 - DEBUG - Censoring ID numbers
2025-05-19 14:24:36,272 - DEBUG - Censoring IP addresses
2025-05-19 14:24:36,272 - DEBUG - Censoring physical addresses
2025-05-19 14:24:36,272 - DEBUG - Censoring dates
2025-05-19 14:24:36,272 - DEBUG - Censoring passwords and tokens
2025-05-19 14:24:36,272 - INFO - Censoring complete: 0 replacements made
2025-05-19 14:24:36,272 - DEBUG - Text length change: 233 -> 233 (0 diff)
2025-05-19 14:24:36,284 - INFO - Beginning text censoring
2025-05-19 14:24:36,284 - DEBUG - Censoring company names
2025-05-19 14:24:36,284 - DEBUG - Censoring email addresses
2025-05-19 14:24:36,284 - DEBUG - Censoring domain names
2025-05-19 14:24:36,284 - DEBUG - Censoring API keys and secrets
2025-05-19 14:24:36,284 - DEBUG - Censoring credit card numbers
2025-05-19 14:24:36,284 - DEBUG - Censoring monetary values
2025-05-19 14:24:36,284 - DEBUG - Censoring phone numbers
2025-05-19 14:24:36,284 - DEBUG - Censoring ID numbers
2025-05-19 14:24:36,284 - DEBUG - Censoring IP addresses
2025-05-19 14:24:36,284 - DEBUG - Censoring physical addresses
2025-05-19 14:24:36,285 - DEBUG - Censoring dates
2025-05-19 14:24:36,285 - DEBUG - Censoring passwords and tokens
2025-05-19 14:24:36,285 - INFO - Censoring complete: 0 replacements made
2025-05-19 14:24:36,285 - DEBUG - Text length change: 414 -> 414 (0 diff)
2025-05-19 14:24:36,301 - INFO - Beginning text censoring
2025-05-19 14:24:36,302 - DEBUG - Censoring company names
2025-05-19 14:24:36,302 - DEBUG - Censoring email addresses
2025-05-19 14:24:36,302 - DEBUG - Censoring domain names
2025-05-19 14:24:36,302 - DEBUG - Censoring API keys and secrets
2025-05-19 14:24:36,302 - DEBUG - Censoring credit card numbers
2025-05-19 14:24:36,302 - DEBUG - Censoring monetary values
2025-05-19 14:24:36,302 - DEBUG - Censoring phone numbers
2025-05-19 14:24:36,302 - DEBUG - Censoring ID numbers
2025-05-19 14:24:36,302 - DEBUG - Censoring IP addresses
2025-05-19 14:24:36,302 - DEBUG - Censoring physical addresses
2025-05-19 14:24:36,302 - DEBUG - Censoring dates
2025-05-19 14:24:36,302 - DEBUG - Censoring passwords and tokens
2025-05-19 14:24:36,302 - INFO - Censoring complete: 0 replacements made
2025-05-19 14:24:36,302 - DEBUG - Text length change: 6 -> 6 (0 diff)
2025-05-19 14:24:36,308 - INFO - Beginning text censoring
2025-05-19 14:24:36,308 - DEBUG - Censoring company names
2025-05-19 14:24:36,308 - DEBUG - Censoring email addresses
2025-05-19 14:24:36,308 - DEBUG - Censoring domain names
2025-05-19 14:24:36,308 - DEBUG - Censoring API keys and secrets
2025-05-19 14:24:36,308 - DEBUG - Censoring credit card numbers
2025-05-19 14:24:36,308 - DEBUG - Censoring monetary values
2025-05-19 14:24:36,309 - DEBUG - Censoring phone numbers
2025-05-19 14:24:36,309 - DEBUG - Censoring ID numbers
2025-05-19 14:24:36,309 - DEBUG - Censoring IP addresses
2025-05-19 14:24:36,309 - DEBUG - Censoring physical addresses
2025-05-19 14:24:36,309 - DEBUG - Censoring dates
2025-05-19 14:24:36,309 - DEBUG - Censoring passwords and tokens
2025-05-19 14:24:36,309 - INFO - Censoring complete: 0 replacements made
2025-05-19 14:24:36,310 - DEBUG - Text length change: 729 -> 729 (0 diff)
2025-05-19 14:24:36,336 - INFO - Beginning text censoring
2025-05-19 14:24:36,336 - DEBUG - Censoring company names
2025-05-19 14:24:36,336 - DEBUG - Censoring email addresses
2025-05-19 14:24:36,336 - DEBUG - Censoring domain names
2025-05-19 14:24:36,336 - DEBUG - Censoring API keys and secrets
2025-05-19 14:24:36,337 - DEBUG - Censoring credit card numbers
2025-05-19 14:24:36,337 - DEBUG - Censoring monetary values
2025-05-19 14:24:36,337 - DEBUG - Censoring phone numbers
2025-05-19 14:24:36,337 - DEBUG - Censoring ID numbers
2025-05-19 14:24:36,337 - DEBUG - Censoring IP addresses
2025-05-19 14:24:36,337 - DEBUG - Censoring physical addresses
2025-05-19 14:24:36,337 - DEBUG - Censoring dates
2025-05-19 14:24:36,337 - DEBUG - Censoring passwords and tokens
2025-05-19 14:24:36,337 - INFO - Censoring complete: 0 replacements made
2025-05-19 14:24:36,337 - DEBUG - Text length change: 225 -> 225 (0 diff)
2025-05-19 14:24:36,350 - INFO - Beginning text censoring
2025-05-19 14:24:36,350 - DEBUG - Censoring company names
2025-05-19 14:24:36,350 - DEBUG - Censoring email addresses
2025-05-19 14:24:36,350 - DEBUG - Censoring domain names
2025-05-19 14:24:36,350 - DEBUG - Censoring API keys and secrets
2025-05-19 14:24:36,350 - DEBUG - Censoring credit card numbers
2025-05-19 14:24:36,350 - DEBUG - Censoring monetary values
2025-05-19 14:24:36,350 - DEBUG - Censoring phone numbers
2025-05-19 14:24:36,351 - DEBUG - Censoring ID numbers
2025-05-19 14:24:36,351 - DEBUG - Censoring IP addresses
2025-05-19 14:24:36,351 - DEBUG - Censoring physical addresses
2025-05-19 14:24:36,351 - DEBUG - Censoring dates
2025-05-19 14:24:36,351 - DEBUG - Censoring passwords and tokens
2025-05-19 14:24:36,351 - INFO - Censoring complete: 0 replacements made
2025-05-19 14:24:36,351 - DEBUG - Text length change: 153 -> 153 (0 diff)
2025-05-19 14:24:36,358 - INFO - Beginning text censoring
2025-05-19 14:24:36,358 - DEBUG - Censoring company names
2025-05-19 14:24:36,358 - DEBUG - Censoring email addresses
2025-05-19 14:24:36,358 - DEBUG - Censoring domain names
2025-05-19 14:24:36,358 - DEBUG - Censoring API keys and secrets
2025-05-19 14:24:36,358 - DEBUG - Censoring credit card numbers
2025-05-19 14:24:36,358 - DEBUG - Censoring monetary values
2025-05-19 14:24:36,358 - DEBUG - Censoring phone numbers
2025-05-19 14:24:36,358 - DEBUG - Censoring ID numbers
2025-05-19 14:24:36,360 - DEBUG - Censoring IP addresses
2025-05-19 14:24:36,360 - DEBUG - Censoring physical addresses
2025-05-19 14:24:36,360 - DEBUG - Censoring dates
2025-05-19 14:24:36,360 - DEBUG - Censoring passwords and tokens
2025-05-19 14:24:36,360 - INFO - Censoring complete: 0 replacements made
2025-05-19 14:24:36,360 - DEBUG - Text length change: 27 -> 27 (0 diff)
2025-05-19 14:24:36,364 - INFO - Beginning text censoring
2025-05-19 14:24:36,365 - DEBUG - Censoring company names
2025-05-19 14:24:36,365 - DEBUG - Censoring email addresses
2025-05-19 14:24:36,365 - DEBUG - Censoring domain names
2025-05-19 14:24:36,365 - DEBUG - Censoring API keys and secrets
2025-05-19 14:24:36,365 - DEBUG - Censoring credit card numbers
2025-05-19 14:24:36,365 - DEBUG - Censoring monetary values
2025-05-19 14:24:36,365 - DEBUG - Censoring phone numbers
2025-05-19 14:24:36,365 - DEBUG - Censoring ID numbers
2025-05-19 14:24:36,365 - DEBUG - Censoring IP addresses
2025-05-19 14:24:36,365 - DEBUG - Censoring physical addresses
2025-05-19 14:24:36,365 - DEBUG - Censoring dates
2025-05-19 14:24:36,365 - DEBUG - Censoring passwords and tokens
2025-05-19 14:24:36,365 - INFO - Censoring complete: 0 replacements made
2025-05-19 14:24:36,365 - DEBUG - Text length change: 199 -> 199 (0 diff)
2025-05-19 14:24:36,376 - INFO - Beginning text censoring
2025-05-19 14:24:36,377 - DEBUG - Censoring company names
2025-05-19 14:24:36,377 - DEBUG - Censoring email addresses
2025-05-19 14:24:36,377 - DEBUG - Censoring domain names
2025-05-19 14:24:36,377 - DEBUG - Censoring API keys and secrets
2025-05-19 14:24:36,378 - DEBUG - Censoring credit card numbers
2025-05-19 14:24:36,378 - DEBUG - Censoring monetary values
2025-05-19 14:24:36,378 - DEBUG - Censoring phone numbers
2025-05-19 14:24:36,378 - DEBUG - Censoring ID numbers
2025-05-19 14:24:36,378 - DEBUG - Censoring IP addresses
2025-05-19 14:24:36,378 - DEBUG - Censoring physical addresses
2025-05-19 14:24:36,378 - DEBUG - Censoring dates
2025-05-19 14:24:36,378 - DEBUG - Censoring passwords and tokens
2025-05-19 14:24:36,378 - INFO - Censoring complete: 0 replacements made
2025-05-19 14:24:36,378 - DEBUG - Text length change: 291 -> 291 (0 diff)
2025-05-19 14:24:36,394 - INFO - Beginning text censoring
2025-05-19 14:24:36,395 - DEBUG - Censoring company names
2025-05-19 14:24:36,395 - DEBUG - Censoring email addresses
2025-05-19 14:24:36,395 - DEBUG - Censoring domain names
2025-05-19 14:24:36,395 - DEBUG - Censoring API keys and secrets
2025-05-19 14:24:36,395 - DEBUG - Censoring credit card numbers
2025-05-19 14:24:36,395 - DEBUG - Censoring monetary values
2025-05-19 14:24:36,396 - DEBUG - Censoring phone numbers
2025-05-19 14:24:36,396 - DEBUG - Censoring ID numbers
2025-05-19 14:24:36,396 - DEBUG - Censoring IP addresses
2025-05-19 14:24:36,396 - DEBUG - Censoring physical addresses
2025-05-19 14:24:36,396 - DEBUG - Censoring dates
2025-05-19 14:24:36,396 - DEBUG - Censoring passwords and tokens
2025-05-19 14:24:36,396 - INFO - Censoring complete: 0 replacements made
2025-05-19 14:24:36,396 - DEBUG - Text length change: 263 -> 263 (0 diff)
2025-05-19 14:24:36,408 - INFO - Beginning text censoring
2025-05-19 14:24:36,408 - DEBUG - Censoring company names
2025-05-19 14:24:36,408 - DEBUG - Censoring email addresses
2025-05-19 14:24:36,408 - DEBUG - Censoring domain names
2025-05-19 14:24:36,408 - DEBUG - Censoring API keys and secrets
2025-05-19 14:24:36,408 - DEBUG - Censoring credit card numbers
2025-05-19 14:24:36,408 - DEBUG - Censoring monetary values
2025-05-19 14:24:36,408 - DEBUG - Censoring phone numbers
2025-05-19 14:24:36,408 - DEBUG - Censoring ID numbers
2025-05-19 14:24:36,408 - DEBUG - Censoring IP addresses
2025-05-19 14:24:36,408 - DEBUG - Censoring physical addresses
2025-05-19 14:24:36,408 - DEBUG - Censoring dates
2025-05-19 14:24:36,410 - DEBUG - Censoring passwords and tokens
2025-05-19 14:24:36,410 - INFO - Censoring complete: 0 replacements made
2025-05-19 14:24:36,410 - DEBUG - Text length change: 16 -> 16 (0 diff)
2025-05-19 14:24:36,415 - INFO - Beginning text censoring
2025-05-19 14:24:36,415 - DEBUG - Censoring company names
2025-05-19 14:24:36,415 - DEBUG - Censoring email addresses
2025-05-19 14:24:36,415 - DEBUG - Censoring domain names
2025-05-19 14:24:36,415 - DEBUG - Censoring API keys and secrets
2025-05-19 14:24:36,416 - DEBUG - Censoring credit card numbers
2025-05-19 14:24:36,416 - DEBUG - Censoring monetary values
2025-05-19 14:24:36,416 - DEBUG - Censoring phone numbers
2025-05-19 14:24:36,416 - DEBUG - Censoring ID numbers
2025-05-19 14:24:36,416 - DEBUG - Censoring IP addresses
2025-05-19 14:24:36,416 - DEBUG - Censoring physical addresses
2025-05-19 14:24:36,416 - DEBUG - Censoring dates
2025-05-19 14:24:36,417 - DEBUG - Censoring passwords and tokens
2025-05-19 14:24:36,417 - INFO - Censoring complete: 0 replacements made
2025-05-19 14:24:36,417 - DEBUG - Text length change: 631 -> 631 (0 diff)
2025-05-19 14:24:36,441 - INFO - Beginning text censoring
2025-05-19 14:24:36,441 - DEBUG - Censoring company names
2025-05-19 14:24:36,441 - DEBUG - Censoring email addresses
2025-05-19 14:24:36,442 - DEBUG - Censoring domain names
2025-05-19 14:24:36,442 - DEBUG - Censoring API keys and secrets
2025-05-19 14:24:36,442 - DEBUG - Censoring credit card numbers
2025-05-19 14:24:36,442 - DEBUG - Censoring monetary values
2025-05-19 14:24:36,442 - DEBUG - Censoring phone numbers
2025-05-19 14:24:36,442 - DEBUG - Censoring ID numbers
2025-05-19 14:24:36,442 - DEBUG - Censoring IP addresses
2025-05-19 14:24:36,442 - DEBUG - Censoring physical addresses
2025-05-19 14:24:36,442 - DEBUG - Censoring dates
2025-05-19 14:24:36,442 - DEBUG - Censoring passwords and tokens
2025-05-19 14:24:36,442 - INFO - Censoring complete: 0 replacements made
2025-05-19 14:24:36,443 - DEBUG - Text length change: 360 -> 360 (0 diff)
2025-05-19 14:24:36,458 - INFO - Beginning text censoring
2025-05-19 14:24:36,459 - DEBUG - Censoring company names
2025-05-19 14:24:36,459 - DEBUG - Censoring email addresses
2025-05-19 14:24:36,459 - DEBUG - Censoring domain names
2025-05-19 14:24:36,459 - DEBUG - Censoring API keys and secrets
2025-05-19 14:24:36,459 - DEBUG - Censoring credit card numbers
2025-05-19 14:24:36,459 - DEBUG - Censoring monetary values
2025-05-19 14:24:36,459 - DEBUG - Censoring phone numbers
2025-05-19 14:24:36,459 - DEBUG - Censoring ID numbers
2025-05-19 14:24:36,459 - DEBUG - Censoring IP addresses
2025-05-19 14:24:36,460 - DEBUG - Censoring physical addresses
2025-05-19 14:24:36,460 - DEBUG - Censoring dates
2025-05-19 14:24:36,460 - DEBUG - Censoring passwords and tokens
2025-05-19 14:24:36,460 - INFO - Censoring complete: 0 replacements made
2025-05-19 14:24:36,460 - DEBUG - Text length change: 377 -> 377 (0 diff)
2025-05-19 14:24:36,474 - INFO - Beginning text censoring
2025-05-19 14:24:36,474 - DEBUG - Censoring company names
2025-05-19 14:24:36,474 - DEBUG - Censoring email addresses
2025-05-19 14:24:36,474 - DEBUG - Censoring domain names
2025-05-19 14:24:36,475 - DEBUG - Censoring API keys and secrets
2025-05-19 14:24:36,475 - DEBUG - Censoring credit card numbers
2025-05-19 14:24:36,475 - DEBUG - Censoring monetary values
2025-05-19 14:24:36,475 - DEBUG - Censoring phone numbers
2025-05-19 14:24:36,475 - DEBUG - Censoring ID numbers
2025-05-19 14:24:36,475 - DEBUG - Censoring IP addresses
2025-05-19 14:24:36,475 - DEBUG - Censoring physical addresses
2025-05-19 14:24:36,475 - DEBUG - Censoring dates
2025-05-19 14:24:36,475 - DEBUG - Censoring passwords and tokens
2025-05-19 14:24:36,475 - INFO - Censoring complete: 0 replacements made
2025-05-19 14:24:36,475 - DEBUG - Text length change: 58 -> 58 (0 diff)
2025-05-19 14:24:36,482 - INFO - Beginning text censoring
2025-05-19 14:24:36,482 - DEBUG - Censoring company names
2025-05-19 14:24:36,483 - DEBUG - Censoring email addresses
2025-05-19 14:24:36,483 - DEBUG - Censoring domain names
2025-05-19 14:24:36,483 - DEBUG - Censoring API keys and secrets
2025-05-19 14:24:36,483 - DEBUG - Censoring credit card numbers
2025-05-19 14:24:36,483 - DEBUG - Censoring monetary values
2025-05-19 14:24:36,483 - DEBUG - Censoring phone numbers
2025-05-19 14:24:36,483 - DEBUG - Censoring ID numbers
2025-05-19 14:24:36,483 - DEBUG - Censoring IP addresses
2025-05-19 14:24:36,483 - DEBUG - Censoring physical addresses
2025-05-19 14:24:36,483 - DEBUG - Censoring dates
2025-05-19 14:24:36,484 - DEBUG - Censoring passwords and tokens
2025-05-19 14:24:36,484 - INFO - Censoring complete: 1 replacements made
2025-05-19 14:24:36,484 - INFO -   - addresses: 1 replacements
2025-05-19 14:24:36,484 - DEBUG - Text length change: 318 -> 281 (-37 diff)
2025-05-19 14:24:36,496 - INFO - Beginning text censoring
2025-05-19 14:24:36,496 - DEBUG - Censoring company names
2025-05-19 14:24:36,496 - DEBUG - Censoring email addresses
2025-05-19 14:24:36,496 - DEBUG - Censoring domain names
2025-05-19 14:24:36,496 - DEBUG - Censoring API keys and secrets
2025-05-19 14:24:36,496 - DEBUG - Censoring credit card numbers
2025-05-19 14:24:36,496 - DEBUG - Censoring monetary values
2025-05-19 14:24:36,496 - DEBUG - Censoring phone numbers
2025-05-19 14:24:36,496 - DEBUG - Censoring ID numbers
2025-05-19 14:24:36,496 - DEBUG - Censoring IP addresses
2025-05-19 14:24:36,498 - DEBUG - Censoring physical addresses
2025-05-19 14:24:36,498 - DEBUG - Censoring dates
2025-05-19 14:24:36,498 - DEBUG - Censoring passwords and tokens
2025-05-19 14:24:36,498 - INFO - Censoring complete: 0 replacements made
2025-05-19 14:24:36,498 - DEBUG - Text length change: 65 -> 65 (0 diff)
2025-05-19 14:24:36,504 - INFO - Beginning text censoring
2025-05-19 14:24:36,504 - DEBUG - Censoring company names
2025-05-19 14:24:36,504 - DEBUG - Censoring email addresses
2025-05-19 14:24:36,504 - DEBUG - Censoring domain names
2025-05-19 14:24:36,504 - DEBUG - Censoring API keys and secrets
2025-05-19 14:24:36,504 - DEBUG - Censoring credit card numbers
2025-05-19 14:24:36,504 - DEBUG - Censoring monetary values
2025-05-19 14:24:36,504 - DEBUG - Censoring phone numbers
2025-05-19 14:24:36,504 - DEBUG - Censoring ID numbers
2025-05-19 14:24:36,504 - DEBUG - Censoring IP addresses
2025-05-19 14:24:36,504 - DEBUG - Censoring physical addresses
2025-05-19 14:24:36,504 - DEBUG - Censoring dates
2025-05-19 14:24:36,504 - DEBUG - Censoring passwords and tokens
2025-05-19 14:24:36,504 - INFO - Censoring complete: 0 replacements made
2025-05-19 14:24:36,505 - DEBUG - Text length change: 25 -> 25 (0 diff)
2025-05-19 14:24:36,512 - INFO - Beginning text censoring
2025-05-19 14:24:36,512 - DEBUG - Censoring company names
2025-05-19 14:24:36,512 - DEBUG - Censoring email addresses
2025-05-19 14:24:36,512 - DEBUG - Censoring domain names
2025-05-19 14:24:36,512 - DEBUG - Censoring API keys and secrets
2025-05-19 14:24:36,513 - DEBUG - Censoring credit card numbers
2025-05-19 14:24:36,513 - DEBUG - Censoring monetary values
2025-05-19 14:24:36,513 - DEBUG - Censoring phone numbers
2025-05-19 14:24:36,513 - DEBUG - Censoring ID numbers
2025-05-19 14:24:36,513 - DEBUG - Censoring IP addresses
2025-05-19 14:24:36,513 - DEBUG - Censoring physical addresses
2025-05-19 14:24:36,514 - DEBUG - Censoring dates
2025-05-19 14:24:36,514 - DEBUG - Censoring passwords and tokens
2025-05-19 14:24:36,514 - INFO - Censoring complete: 1 replacements made
2025-05-19 14:24:36,514 - INFO -   - addresses: 1 replacements
2025-05-19 14:24:36,514 - DEBUG - Text length change: 759 -> 750 (-9 diff)
2025-05-19 14:24:36,544 - INFO - Beginning text censoring
2025-05-19 14:24:36,544 - DEBUG - Censoring company names
2025-05-19 14:24:36,544 - DEBUG - Censoring email addresses
2025-05-19 14:24:36,544 - DEBUG - Censoring domain names
2025-05-19 14:24:36,544 - DEBUG - Censoring API keys and secrets
2025-05-19 14:24:36,544 - DEBUG - Censoring credit card numbers
2025-05-19 14:24:36,544 - DEBUG - Censoring monetary values
2025-05-19 14:24:36,544 - DEBUG - Censoring phone numbers
2025-05-19 14:24:36,544 - DEBUG - Censoring ID numbers
2025-05-19 14:24:36,544 - DEBUG - Censoring IP addresses
2025-05-19 14:24:36,544 - DEBUG - Censoring physical addresses
2025-05-19 14:24:36,544 - DEBUG - Censoring dates
2025-05-19 14:24:36,544 - DEBUG - Censoring passwords and tokens
2025-05-19 14:24:36,544 - INFO - Censoring complete: 1 replacements made
2025-05-19 14:24:36,544 - INFO -   - addresses: 1 replacements
2025-05-19 14:24:36,545 - DEBUG - Text length change: 217 -> 205 (-12 diff)
2025-05-19 14:24:36,557 - INFO - Beginning text censoring
2025-05-19 14:24:36,558 - DEBUG - Censoring company names
2025-05-19 14:24:36,558 - DEBUG - Censoring email addresses
2025-05-19 14:24:36,558 - DEBUG - Censoring domain names
2025-05-19 14:24:36,558 - DEBUG - Censoring API keys and secrets
2025-05-19 14:24:36,558 - DEBUG - Censoring credit card numbers
2025-05-19 14:24:36,558 - DEBUG - Censoring monetary values
2025-05-19 14:24:36,558 - DEBUG - Censoring phone numbers
2025-05-19 14:24:36,559 - DEBUG - Censoring ID numbers
2025-05-19 14:24:36,559 - DEBUG - Censoring IP addresses
2025-05-19 14:24:36,559 - DEBUG - Censoring physical addresses
2025-05-19 14:24:36,559 - DEBUG - Censoring dates
2025-05-19 14:24:36,559 - DEBUG - Censoring passwords and tokens
2025-05-19 14:24:36,559 - INFO - Censoring complete: 0 replacements made
2025-05-19 14:24:36,559 - DEBUG - Text length change: 575 -> 575 (0 diff)
2025-05-19 14:24:36,581 - INFO - Beginning text censoring
2025-05-19 14:24:36,581 - DEBUG - Censoring company names
2025-05-19 14:24:36,581 - DEBUG - Censoring email addresses
2025-05-19 14:24:36,581 - DEBUG - Censoring domain names
2025-05-19 14:24:36,581 - DEBUG - Censoring API keys and secrets
2025-05-19 14:24:36,581 - DEBUG - Censoring credit card numbers
2025-05-19 14:24:36,581 - DEBUG - Censoring monetary values
2025-05-19 14:24:36,581 - DEBUG - Censoring phone numbers
2025-05-19 14:24:36,581 - DEBUG - Censoring ID numbers
2025-05-19 14:24:36,582 - DEBUG - Censoring IP addresses
2025-05-19 14:24:36,582 - DEBUG - Censoring physical addresses
2025-05-19 14:24:36,582 - DEBUG - Censoring dates
2025-05-19 14:24:36,582 - DEBUG - Censoring passwords and tokens
2025-05-19 14:24:36,582 - INFO - Censoring complete: 0 replacements made
2025-05-19 14:24:36,582 - DEBUG - Text length change: 28 -> 28 (0 diff)
2025-05-19 14:24:36,588 - INFO - Beginning text censoring
2025-05-19 14:24:36,590 - DEBUG - Censoring company names
2025-05-19 14:24:36,590 - DEBUG - Censoring email addresses
2025-05-19 14:24:36,590 - DEBUG - Censoring domain names
2025-05-19 14:24:36,590 - DEBUG - Censoring API keys and secrets
2025-05-19 14:24:36,590 - DEBUG - Censoring credit card numbers
2025-05-19 14:24:36,590 - DEBUG - Censoring monetary values
2025-05-19 14:24:36,590 - DEBUG - Censoring phone numbers
2025-05-19 14:24:36,590 - DEBUG - Censoring ID numbers
2025-05-19 14:24:36,590 - DEBUG - Censoring IP addresses
2025-05-19 14:24:36,591 - DEBUG - Censoring physical addresses
2025-05-19 14:24:36,591 - DEBUG - Censoring dates
2025-05-19 14:24:36,591 - DEBUG - Censoring passwords and tokens
2025-05-19 14:24:36,591 - INFO - Censoring complete: 0 replacements made
2025-05-19 14:24:36,591 - DEBUG - Text length change: 409 -> 409 (0 diff)
2025-05-19 14:24:36,609 - INFO - Beginning text censoring
2025-05-19 14:24:36,609 - DEBUG - Censoring company names
2025-05-19 14:24:36,609 - DEBUG - Censoring email addresses
2025-05-19 14:24:36,609 - DEBUG - Censoring domain names
2025-05-19 14:24:36,609 - DEBUG - Censoring API keys and secrets
2025-05-19 14:24:36,609 - DEBUG - Censoring credit card numbers
2025-05-19 14:24:36,609 - DEBUG - Censoring monetary values
2025-05-19 14:24:36,610 - DEBUG - Censoring phone numbers
2025-05-19 14:24:36,610 - DEBUG - Censoring ID numbers
2025-05-19 14:24:36,610 - DEBUG - Censoring IP addresses
2025-05-19 14:24:36,610 - DEBUG - Censoring physical addresses
2025-05-19 14:24:36,610 - DEBUG - Censoring dates
2025-05-19 14:24:36,610 - DEBUG - Censoring passwords and tokens
2025-05-19 14:24:36,610 - INFO - Censoring complete: 0 replacements made
2025-05-19 14:24:36,610 - DEBUG - Text length change: 80 -> 80 (0 diff)
2025-05-19 14:24:36,620 - INFO - Beginning text censoring
2025-05-19 14:24:36,621 - DEBUG - Censoring company names
2025-05-19 14:24:36,621 - DEBUG - Censoring email addresses
2025-05-19 14:24:36,621 - DEBUG - Censoring domain names
2025-05-19 14:24:36,621 - DEBUG - Censoring API keys and secrets
2025-05-19 14:24:36,621 - DEBUG - Censoring credit card numbers
2025-05-19 14:24:36,621 - DEBUG - Censoring monetary values
2025-05-19 14:24:36,621 - DEBUG - Censoring phone numbers
2025-05-19 14:24:36,621 - DEBUG - Censoring ID numbers
2025-05-19 14:24:36,621 - DEBUG - Censoring IP addresses
2025-05-19 14:24:36,621 - DEBUG - Censoring physical addresses
2025-05-19 14:24:36,621 - DEBUG - Censoring dates
2025-05-19 14:24:36,621 - DEBUG - Censoring passwords and tokens
2025-05-19 14:24:36,621 - INFO - Censoring complete: 0 replacements made
2025-05-19 14:24:36,621 - DEBUG - Text length change: 174 -> 174 (0 diff)
2025-05-19 14:24:36,653 - INFO - Beginning text censoring
2025-05-19 14:24:36,653 - DEBUG - Censoring company names
2025-05-19 14:24:36,653 - DEBUG - Censoring email addresses
2025-05-19 14:24:36,653 - DEBUG - Censoring domain names
2025-05-19 14:24:36,653 - DEBUG - Censoring API keys and secrets
2025-05-19 14:24:36,653 - DEBUG - Censoring credit card numbers
2025-05-19 14:24:36,653 - DEBUG - Censoring monetary values
2025-05-19 14:24:36,654 - DEBUG - Censoring phone numbers
2025-05-19 14:24:36,654 - DEBUG - Censoring ID numbers
2025-05-19 14:24:36,654 - DEBUG - Censoring IP addresses
2025-05-19 14:24:36,654 - DEBUG - Censoring physical addresses
2025-05-19 14:24:36,654 - DEBUG - Censoring dates
2025-05-19 14:24:36,654 - DEBUG - Censoring passwords and tokens
2025-05-19 14:24:36,654 - INFO - Censoring complete: 0 replacements made
2025-05-19 14:24:36,654 - DEBUG - Text length change: 231 -> 231 (0 diff)
2025-05-19 14:24:36,666 - INFO - Beginning text censoring
2025-05-19 14:24:36,666 - DEBUG - Censoring company names
2025-05-19 14:24:36,666 - DEBUG - Censoring email addresses
2025-05-19 14:24:36,667 - DEBUG - Censoring domain names
2025-05-19 14:24:36,667 - DEBUG - Censoring API keys and secrets
2025-05-19 14:24:36,667 - DEBUG - Censoring credit card numbers
2025-05-19 14:24:36,667 - DEBUG - Censoring monetary values
2025-05-19 14:24:36,667 - DEBUG - Censoring phone numbers
2025-05-19 14:24:36,667 - DEBUG - Censoring ID numbers
2025-05-19 14:24:36,667 - DEBUG - Censoring IP addresses
2025-05-19 14:24:36,667 - DEBUG - Censoring physical addresses
2025-05-19 14:24:36,667 - DEBUG - Censoring dates
2025-05-19 14:24:36,667 - DEBUG - Censoring passwords and tokens
2025-05-19 14:24:36,667 - INFO - Censoring complete: 0 replacements made
2025-05-19 14:24:36,667 - DEBUG - Text length change: 143 -> 143 (0 diff)
2025-05-19 14:24:36,676 - INFO - Beginning text censoring
2025-05-19 14:24:36,677 - DEBUG - Censoring company names
2025-05-19 14:24:36,677 - DEBUG - Censoring email addresses
2025-05-19 14:24:36,677 - DEBUG - Censoring domain names
2025-05-19 14:24:36,677 - DEBUG - Censoring API keys and secrets
2025-05-19 14:24:36,677 - DEBUG - Censoring credit card numbers
2025-05-19 14:24:36,677 - DEBUG - Censoring monetary values
2025-05-19 14:24:36,677 - DEBUG - Censoring phone numbers
2025-05-19 14:24:36,677 - DEBUG - Censoring ID numbers
2025-05-19 14:24:36,677 - DEBUG - Censoring IP addresses
2025-05-19 14:24:36,677 - DEBUG - Censoring physical addresses
2025-05-19 14:24:36,677 - DEBUG - Censoring dates
2025-05-19 14:24:36,677 - DEBUG - Censoring passwords and tokens
2025-05-19 14:24:36,677 - INFO - Censoring complete: 0 replacements made
2025-05-19 14:24:36,677 - DEBUG - Text length change: 118 -> 118 (0 diff)
2025-05-19 14:24:36,685 - INFO - Beginning text censoring
2025-05-19 14:24:36,686 - DEBUG - Censoring company names
2025-05-19 14:24:36,686 - DEBUG - Censoring email addresses
2025-05-19 14:24:36,686 - DEBUG - Censoring domain names
2025-05-19 14:24:36,686 - DEBUG - Censoring API keys and secrets
2025-05-19 14:24:36,686 - DEBUG - Censoring credit card numbers
2025-05-19 14:24:36,686 - DEBUG - Censoring monetary values
2025-05-19 14:24:36,686 - DEBUG - Censoring phone numbers
2025-05-19 14:24:36,686 - DEBUG - Censoring ID numbers
2025-05-19 14:24:36,686 - DEBUG - Censoring IP addresses
2025-05-19 14:24:36,686 - DEBUG - Censoring physical addresses
2025-05-19 14:24:36,686 - DEBUG - Censoring dates
2025-05-19 14:24:36,686 - DEBUG - Censoring passwords and tokens
2025-05-19 14:24:36,686 - INFO - Censoring complete: 0 replacements made
2025-05-19 14:24:36,686 - DEBUG - Text length change: 11 -> 11 (0 diff)
2025-05-19 14:24:36,692 - INFO - Beginning text censoring
2025-05-19 14:24:36,692 - DEBUG - Censoring company names
2025-05-19 14:24:36,692 - DEBUG - Censoring email addresses
2025-05-19 14:24:36,693 - DEBUG - Censoring domain names
2025-05-19 14:24:36,693 - DEBUG - Censoring API keys and secrets
2025-05-19 14:24:36,693 - DEBUG - Censoring credit card numbers
2025-05-19 14:24:36,693 - DEBUG - Censoring monetary values
2025-05-19 14:24:36,693 - DEBUG - Censoring phone numbers
2025-05-19 14:24:36,693 - DEBUG - Censoring ID numbers
2025-05-19 14:24:36,693 - DEBUG - Censoring IP addresses
2025-05-19 14:24:36,693 - DEBUG - Censoring physical addresses
2025-05-19 14:24:36,693 - DEBUG - Censoring dates
2025-05-19 14:24:36,693 - DEBUG - Censoring passwords and tokens
2025-05-19 14:24:36,693 - INFO - Censoring complete: 2 replacements made
2025-05-19 14:24:36,693 - INFO -   - emails: 1 replacements
2025-05-19 14:24:36,693 - INFO -   - domains: 1 replacements
2025-05-19 14:24:36,693 - DEBUG - Text length change: 171 -> 172 (1 diff)
2025-05-19 14:24:36,704 - INFO - Beginning text censoring
2025-05-19 14:24:36,704 - DEBUG - Censoring company names
2025-05-19 14:24:36,704 - DEBUG - Censoring email addresses
2025-05-19 14:24:36,704 - DEBUG - Censoring domain names
2025-05-19 14:24:36,704 - DEBUG - Censoring API keys and secrets
2025-05-19 14:24:36,704 - DEBUG - Censoring credit card numbers
2025-05-19 14:24:36,704 - DEBUG - Censoring monetary values
2025-05-19 14:24:36,704 - DEBUG - Censoring phone numbers
2025-05-19 14:24:36,704 - DEBUG - Censoring ID numbers
2025-05-19 14:24:36,704 - DEBUG - Censoring IP addresses
2025-05-19 14:24:36,705 - DEBUG - Censoring physical addresses
2025-05-19 14:24:36,705 - DEBUG - Censoring dates
2025-05-19 14:24:36,705 - DEBUG - Censoring passwords and tokens
2025-05-19 14:24:36,705 - INFO - Censoring complete: 0 replacements made
2025-05-19 14:24:36,705 - DEBUG - Text length change: 68 -> 68 (0 diff)
2025-05-19 14:24:36,714 - INFO - Beginning text censoring
2025-05-19 14:24:36,714 - DEBUG - Censoring company names
2025-05-19 14:24:36,714 - DEBUG - Censoring email addresses
2025-05-19 14:24:36,714 - DEBUG - Censoring domain names
2025-05-19 14:24:36,714 - DEBUG - Censoring API keys and secrets
2025-05-19 14:24:36,714 - DEBUG - Censoring credit card numbers
2025-05-19 14:24:36,714 - DEBUG - Censoring monetary values
2025-05-19 14:24:36,714 - DEBUG - Censoring phone numbers
2025-05-19 14:24:36,714 - DEBUG - Censoring ID numbers
2025-05-19 14:24:36,714 - DEBUG - Censoring IP addresses
2025-05-19 14:24:36,714 - DEBUG - Censoring physical addresses
2025-05-19 14:24:36,714 - DEBUG - Censoring dates
2025-05-19 14:24:36,714 - DEBUG - Censoring passwords and tokens
2025-05-19 14:24:36,714 - INFO - Censoring complete: 0 replacements made
2025-05-19 14:24:36,714 - DEBUG - Text length change: 210 -> 210 (0 diff)
2025-05-19 14:24:36,726 - INFO - Beginning text censoring
2025-05-19 14:24:36,726 - DEBUG - Censoring company names
2025-05-19 14:24:36,726 - DEBUG - Censoring email addresses
2025-05-19 14:24:36,726 - DEBUG - Censoring domain names
2025-05-19 14:24:36,726 - DEBUG - Censoring API keys and secrets
2025-05-19 14:24:36,726 - DEBUG - Censoring credit card numbers
2025-05-19 14:24:36,726 - DEBUG - Censoring monetary values
2025-05-19 14:24:36,726 - DEBUG - Censoring phone numbers
2025-05-19 14:24:36,726 - DEBUG - Censoring ID numbers
2025-05-19 14:24:36,726 - DEBUG - Censoring IP addresses
2025-05-19 14:24:36,726 - DEBUG - Censoring physical addresses
2025-05-19 14:24:36,726 - DEBUG - Censoring dates
2025-05-19 14:24:36,726 - DEBUG - Censoring passwords and tokens
2025-05-19 14:24:36,727 - INFO - Censoring complete: 0 replacements made
2025-05-19 14:24:36,727 - DEBUG - Text length change: 69 -> 69 (0 diff)
2025-05-19 14:24:36,734 - INFO - Beginning text censoring
2025-05-19 14:24:36,734 - DEBUG - Censoring company names
2025-05-19 14:24:36,734 - DEBUG - Censoring email addresses
2025-05-19 14:24:36,734 - DEBUG - Censoring domain names
2025-05-19 14:24:36,734 - DEBUG - Censoring API keys and secrets
2025-05-19 14:24:36,734 - DEBUG - Censoring credit card numbers
2025-05-19 14:24:36,735 - DEBUG - Censoring monetary values
2025-05-19 14:24:36,735 - DEBUG - Censoring phone numbers
2025-05-19 14:24:36,735 - DEBUG - Censoring ID numbers
2025-05-19 14:24:36,735 - DEBUG - Censoring IP addresses
2025-05-19 14:24:36,735 - DEBUG - Censoring physical addresses
2025-05-19 14:24:36,735 - DEBUG - Censoring dates
2025-05-19 14:24:36,735 - DEBUG - Censoring passwords and tokens
2025-05-19 14:24:36,735 - INFO - Censoring complete: 0 replacements made
2025-05-19 14:24:36,735 - DEBUG - Text length change: 119 -> 119 (0 diff)
2025-05-19 14:24:36,743 - INFO - Beginning text censoring
2025-05-19 14:24:36,744 - DEBUG - Censoring company names
2025-05-19 14:24:36,744 - DEBUG - Censoring email addresses
2025-05-19 14:24:36,744 - DEBUG - Censoring domain names
2025-05-19 14:24:36,744 - DEBUG - Censoring API keys and secrets
2025-05-19 14:24:36,744 - DEBUG - Censoring credit card numbers
2025-05-19 14:24:36,744 - DEBUG - Censoring monetary values
2025-05-19 14:24:36,744 - DEBUG - Censoring phone numbers
2025-05-19 14:24:36,744 - DEBUG - Censoring ID numbers
2025-05-19 14:24:36,744 - DEBUG - Censoring IP addresses
2025-05-19 14:24:36,744 - DEBUG - Censoring physical addresses
2025-05-19 14:24:36,744 - DEBUG - Censoring dates
2025-05-19 14:24:36,744 - DEBUG - Censoring passwords and tokens
2025-05-19 14:24:36,744 - INFO - Censoring complete: 0 replacements made
2025-05-19 14:24:36,744 - DEBUG - Text length change: 66 -> 66 (0 diff)
2025-05-19 14:24:36,752 - INFO - Beginning text censoring
2025-05-19 14:24:36,752 - DEBUG - Censoring company names
2025-05-19 14:24:36,752 - DEBUG - Censoring email addresses
2025-05-19 14:24:36,752 - DEBUG - Censoring domain names
2025-05-19 14:24:36,752 - DEBUG - Censoring API keys and secrets
2025-05-19 14:24:36,752 - DEBUG - Censoring credit card numbers
2025-05-19 14:24:36,752 - DEBUG - Censoring monetary values
2025-05-19 14:24:36,752 - DEBUG - Censoring phone numbers
2025-05-19 14:24:36,752 - DEBUG - Censoring ID numbers
2025-05-19 14:24:36,752 - DEBUG - Censoring IP addresses
2025-05-19 14:24:36,752 - DEBUG - Censoring physical addresses
2025-05-19 14:24:36,752 - DEBUG - Censoring dates
2025-05-19 14:24:36,752 - DEBUG - Censoring passwords and tokens
2025-05-19 14:24:36,752 - INFO - Censoring complete: 0 replacements made
2025-05-19 14:24:36,753 - DEBUG - Text length change: 227 -> 227 (0 diff)
2025-05-19 14:24:36,767 - INFO - Beginning text censoring
2025-05-19 14:24:36,768 - DEBUG - Censoring company names
2025-05-19 14:24:36,768 - DEBUG - Censoring email addresses
2025-05-19 14:24:36,768 - DEBUG - Censoring domain names
2025-05-19 14:24:36,768 - DEBUG - Censoring API keys and secrets
2025-05-19 14:24:36,768 - DEBUG - Censoring credit card numbers
2025-05-19 14:24:36,768 - DEBUG - Censoring monetary values
2025-05-19 14:24:36,768 - DEBUG - Censoring phone numbers
2025-05-19 14:24:36,768 - DEBUG - Censoring ID numbers
2025-05-19 14:24:36,769 - DEBUG - Censoring IP addresses
2025-05-19 14:24:36,769 - DEBUG - Censoring physical addresses
2025-05-19 14:24:36,769 - DEBUG - Censoring dates
2025-05-19 14:24:36,769 - DEBUG - Censoring passwords and tokens
2025-05-19 14:24:36,769 - INFO - Censoring complete: 0 replacements made
2025-05-19 14:24:36,769 - DEBUG - Text length change: 403 -> 403 (0 diff)
2025-05-19 14:24:36,787 - INFO - Beginning text censoring
2025-05-19 14:24:36,787 - DEBUG - Censoring company names
2025-05-19 14:24:36,787 - DEBUG - Censoring email addresses
2025-05-19 14:24:36,787 - DEBUG - Censoring domain names
2025-05-19 14:24:36,787 - DEBUG - Censoring API keys and secrets
2025-05-19 14:24:36,787 - DEBUG - Censoring credit card numbers
2025-05-19 14:24:36,788 - DEBUG - Censoring monetary values
2025-05-19 14:24:36,788 - DEBUG - Censoring phone numbers
2025-05-19 14:24:36,788 - DEBUG - Censoring ID numbers
2025-05-19 14:24:36,788 - DEBUG - Censoring IP addresses
2025-05-19 14:24:36,788 - DEBUG - Censoring physical addresses
2025-05-19 14:24:36,788 - DEBUG - Censoring dates
2025-05-19 14:24:36,788 - DEBUG - Censoring passwords and tokens
2025-05-19 14:24:36,788 - INFO - Censoring complete: 0 replacements made
2025-05-19 14:24:36,788 - DEBUG - Text length change: 135 -> 135 (0 diff)
2025-05-19 14:24:36,797 - INFO - Beginning text censoring
2025-05-19 14:24:36,798 - DEBUG - Censoring company names
2025-05-19 14:24:36,798 - DEBUG - Censoring email addresses
2025-05-19 14:24:36,798 - DEBUG - Censoring domain names
2025-05-19 14:24:36,798 - DEBUG - Censoring API keys and secrets
2025-05-19 14:24:36,798 - DEBUG - Censoring credit card numbers
2025-05-19 14:24:36,798 - DEBUG - Censoring monetary values
2025-05-19 14:24:36,798 - DEBUG - Censoring phone numbers
2025-05-19 14:24:36,798 - DEBUG - Censoring ID numbers
2025-05-19 14:24:36,798 - DEBUG - Censoring IP addresses
2025-05-19 14:24:36,798 - DEBUG - Censoring physical addresses
2025-05-19 14:24:36,798 - DEBUG - Censoring dates
2025-05-19 14:24:36,798 - DEBUG - Censoring passwords and tokens
2025-05-19 14:24:36,798 - INFO - Censoring complete: 0 replacements made
2025-05-19 14:24:36,798 - DEBUG - Text length change: 192 -> 192 (0 diff)
2025-05-19 14:24:36,808 - INFO - Beginning text censoring
2025-05-19 14:24:36,808 - DEBUG - Censoring company names
2025-05-19 14:24:36,808 - DEBUG - Censoring email addresses
2025-05-19 14:24:36,808 - DEBUG - Censoring domain names
2025-05-19 14:24:36,808 - DEBUG - Censoring API keys and secrets
2025-05-19 14:24:36,808 - DEBUG - Censoring credit card numbers
2025-05-19 14:24:36,808 - DEBUG - Censoring monetary values
2025-05-19 14:24:36,808 - DEBUG - Censoring phone numbers
2025-05-19 14:24:36,808 - DEBUG - Censoring ID numbers
2025-05-19 14:24:36,808 - DEBUG - Censoring IP addresses
2025-05-19 14:24:36,808 - DEBUG - Censoring physical addresses
2025-05-19 14:24:36,808 - DEBUG - Censoring dates
2025-05-19 14:24:36,808 - DEBUG - Censoring passwords and tokens
2025-05-19 14:24:36,808 - INFO - Censoring complete: 0 replacements made
2025-05-19 14:24:36,810 - DEBUG - Text length change: 135 -> 135 (0 diff)
2025-05-19 14:24:36,817 - INFO - Beginning text censoring
2025-05-19 14:24:36,817 - DEBUG - Censoring company names
2025-05-19 14:24:36,817 - DEBUG - Censoring email addresses
2025-05-19 14:24:36,817 - DEBUG - Censoring domain names
2025-05-19 14:24:36,817 - DEBUG - Censoring API keys and secrets
2025-05-19 14:24:36,817 - DEBUG - Censoring credit card numbers
2025-05-19 14:24:36,817 - DEBUG - Censoring monetary values
2025-05-19 14:24:36,818 - DEBUG - Censoring phone numbers
2025-05-19 14:24:36,818 - DEBUG - Censoring ID numbers
2025-05-19 14:24:36,818 - DEBUG - Censoring IP addresses
2025-05-19 14:24:36,818 - DEBUG - Censoring physical addresses
2025-05-19 14:24:36,818 - DEBUG - Censoring dates
2025-05-19 14:24:36,818 - DEBUG - Censoring passwords and tokens
2025-05-19 14:24:36,818 - INFO - Censoring complete: 0 replacements made
2025-05-19 14:24:36,818 - DEBUG - Text length change: 41 -> 41 (0 diff)
2025-05-19 14:24:36,824 - INFO - Beginning text censoring
2025-05-19 14:24:36,825 - DEBUG - Censoring company names
2025-05-19 14:24:36,825 - DEBUG - Censoring email addresses
2025-05-19 14:24:36,825 - DEBUG - Censoring domain names
2025-05-19 14:24:36,825 - DEBUG - Censoring API keys and secrets
2025-05-19 14:24:36,825 - DEBUG - Censoring credit card numbers
2025-05-19 14:24:36,825 - DEBUG - Censoring monetary values
2025-05-19 14:24:36,825 - DEBUG - Censoring phone numbers
2025-05-19 14:24:36,826 - DEBUG - Censoring ID numbers
2025-05-19 14:24:36,826 - DEBUG - Censoring IP addresses
2025-05-19 14:24:36,826 - DEBUG - Censoring physical addresses
2025-05-19 14:24:36,826 - DEBUG - Censoring dates
2025-05-19 14:24:36,826 - DEBUG - Censoring passwords and tokens
2025-05-19 14:24:36,826 - INFO - Censoring complete: 0 replacements made
2025-05-19 14:24:36,826 - DEBUG - Text length change: 610 -> 610 (0 diff)
2025-05-19 14:24:36,850 - INFO - Beginning text censoring
2025-05-19 14:24:36,850 - DEBUG - Censoring company names
2025-05-19 14:24:36,850 - DEBUG - Censoring email addresses
2025-05-19 14:24:36,850 - DEBUG - Censoring domain names
2025-05-19 14:24:36,850 - DEBUG - Censoring API keys and secrets
2025-05-19 14:24:36,850 - DEBUG - Censoring credit card numbers
2025-05-19 14:24:36,851 - DEBUG - Censoring monetary values
2025-05-19 14:24:36,851 - DEBUG - Censoring phone numbers
2025-05-19 14:24:36,851 - DEBUG - Censoring ID numbers
2025-05-19 14:24:36,851 - DEBUG - Censoring IP addresses
2025-05-19 14:24:36,851 - DEBUG - Censoring physical addresses
2025-05-19 14:24:36,851 - DEBUG - Censoring dates
2025-05-19 14:24:36,851 - DEBUG - Censoring passwords and tokens
2025-05-19 14:24:36,851 - INFO - Censoring complete: 0 replacements made
2025-05-19 14:24:36,851 - DEBUG - Text length change: 541 -> 541 (0 diff)
2025-05-19 14:24:36,872 - INFO - Beginning text censoring
2025-05-19 14:24:36,872 - DEBUG - Censoring company names
2025-05-19 14:24:36,872 - DEBUG - Censoring email addresses
2025-05-19 14:24:36,872 - DEBUG - Censoring domain names
2025-05-19 14:24:36,872 - DEBUG - Censoring API keys and secrets
2025-05-19 14:24:36,872 - DEBUG - Censoring credit card numbers
2025-05-19 14:24:36,872 - DEBUG - Censoring monetary values
2025-05-19 14:24:36,872 - DEBUG - Censoring phone numbers
2025-05-19 14:24:36,872 - DEBUG - Censoring ID numbers
2025-05-19 14:24:36,872 - DEBUG - Censoring IP addresses
2025-05-19 14:24:36,872 - DEBUG - Censoring physical addresses
2025-05-19 14:24:36,872 - DEBUG - Censoring dates
2025-05-19 14:24:36,872 - DEBUG - Censoring passwords and tokens
2025-05-19 14:24:36,872 - INFO - Censoring complete: 0 replacements made
2025-05-19 14:24:36,873 - DEBUG - Text length change: 3 -> 3 (0 diff)
2025-05-19 14:24:36,876 - INFO - Beginning text censoring
2025-05-19 14:24:36,876 - DEBUG - Censoring company names
2025-05-19 14:24:36,877 - DEBUG - Censoring email addresses
2025-05-19 14:24:36,877 - DEBUG - Censoring domain names
2025-05-19 14:24:36,877 - DEBUG - Censoring API keys and secrets
2025-05-19 14:24:36,877 - DEBUG - Censoring credit card numbers
2025-05-19 14:24:36,877 - DEBUG - Censoring monetary values
2025-05-19 14:24:36,877 - DEBUG - Censoring phone numbers
2025-05-19 14:24:36,877 - DEBUG - Censoring ID numbers
2025-05-19 14:24:36,877 - DEBUG - Censoring IP addresses
2025-05-19 14:24:36,877 - DEBUG - Censoring physical addresses
2025-05-19 14:24:36,877 - DEBUG - Censoring dates
2025-05-19 14:24:36,877 - DEBUG - Censoring passwords and tokens
2025-05-19 14:24:36,877 - INFO - Censoring complete: 0 replacements made
2025-05-19 14:24:36,877 - DEBUG - Text length change: 177 -> 177 (0 diff)
2025-05-19 14:24:36,887 - INFO - Beginning text censoring
2025-05-19 14:24:36,887 - DEBUG - Censoring company names
2025-05-19 14:24:36,888 - DEBUG - Censoring email addresses
2025-05-19 14:24:36,888 - DEBUG - Censoring domain names
2025-05-19 14:24:36,888 - DEBUG - Censoring API keys and secrets
2025-05-19 14:24:36,888 - DEBUG - Censoring credit card numbers
2025-05-19 14:24:36,888 - DEBUG - Censoring monetary values
2025-05-19 14:24:36,888 - DEBUG - Censoring phone numbers
2025-05-19 14:24:36,888 - DEBUG - Censoring ID numbers
2025-05-19 14:24:36,888 - DEBUG - Censoring IP addresses
2025-05-19 14:24:36,888 - DEBUG - Censoring physical addresses
2025-05-19 14:24:36,888 - DEBUG - Censoring dates
2025-05-19 14:24:36,888 - DEBUG - Censoring passwords and tokens
2025-05-19 14:24:36,888 - INFO - Censoring complete: 0 replacements made
2025-05-19 14:24:36,888 - DEBUG - Text length change: 36 -> 36 (0 diff)
2025-05-19 14:24:36,894 - INFO - Beginning text censoring
2025-05-19 14:24:36,894 - DEBUG - Censoring company names
2025-05-19 14:24:36,894 - DEBUG - Censoring email addresses
2025-05-19 14:24:36,894 - DEBUG - Censoring domain names
2025-05-19 14:24:36,894 - DEBUG - Censoring API keys and secrets
2025-05-19 14:24:36,894 - DEBUG - Censoring credit card numbers
2025-05-19 14:24:36,894 - DEBUG - Censoring monetary values
2025-05-19 14:24:36,894 - DEBUG - Censoring phone numbers
2025-05-19 14:24:36,894 - DEBUG - Censoring ID numbers
2025-05-19 14:24:36,894 - DEBUG - Censoring IP addresses
2025-05-19 14:24:36,894 - DEBUG - Censoring physical addresses
2025-05-19 14:24:36,894 - DEBUG - Censoring dates
2025-05-19 14:24:36,895 - DEBUG - Censoring passwords and tokens
2025-05-19 14:24:36,895 - INFO - Censoring complete: 0 replacements made
2025-05-19 14:24:36,895 - DEBUG - Text length change: 643 -> 643 (0 diff)
2025-05-19 14:24:36,917 - INFO - Beginning text censoring
2025-05-19 14:24:36,918 - DEBUG - Censoring company names
2025-05-19 14:24:36,918 - DEBUG - Censoring email addresses
2025-05-19 14:24:36,918 - DEBUG - Censoring domain names
2025-05-19 14:24:36,918 - DEBUG - Censoring API keys and secrets
2025-05-19 14:24:36,918 - DEBUG - Censoring credit card numbers
2025-05-19 14:24:36,918 - DEBUG - Censoring monetary values
2025-05-19 14:24:36,918 - DEBUG - Censoring phone numbers
2025-05-19 14:24:36,918 - DEBUG - Censoring ID numbers
2025-05-19 14:24:36,918 - DEBUG - Censoring IP addresses
2025-05-19 14:24:36,918 - DEBUG - Censoring physical addresses
2025-05-19 14:24:36,918 - DEBUG - Censoring dates
2025-05-19 14:24:36,918 - DEBUG - Censoring passwords and tokens
2025-05-19 14:24:36,918 - INFO - Censoring complete: 0 replacements made
2025-05-19 14:24:36,918 - DEBUG - Text length change: 48 -> 48 (0 diff)
2025-05-19 14:24:36,924 - INFO - Beginning text censoring
2025-05-19 14:24:36,925 - DEBUG - Censoring company names
2025-05-19 14:24:36,925 - DEBUG - Censoring email addresses
2025-05-19 14:24:36,925 - DEBUG - Censoring domain names
2025-05-19 14:24:36,925 - DEBUG - Censoring API keys and secrets
2025-05-19 14:24:36,925 - DEBUG - Censoring credit card numbers
2025-05-19 14:24:36,925 - DEBUG - Censoring monetary values
2025-05-19 14:24:36,925 - DEBUG - Censoring phone numbers
2025-05-19 14:24:36,926 - DEBUG - Censoring ID numbers
2025-05-19 14:24:36,926 - DEBUG - Censoring IP addresses
2025-05-19 14:24:36,926 - DEBUG - Censoring physical addresses
2025-05-19 14:24:36,926 - DEBUG - Censoring dates
2025-05-19 14:24:36,926 - DEBUG - Censoring passwords and tokens
2025-05-19 14:24:36,926 - INFO - Censoring complete: 0 replacements made
2025-05-19 14:24:36,926 - DEBUG - Text length change: 694 -> 694 (0 diff)
2025-05-19 14:24:37,011 - INFO - Saved censored DOCX with preserved formatting: output.docx
2025-05-19 14:24:37,015 - INFO - Processing completed successfully
